<?xml version="1.0" encoding="UTF-8"?>
<!-- Generated by org.testng.reporters.JUnitReportReporter -->
<testsuite hostname="DESKTOP-KRK230S" failures="0" tests="1" name="Login.DWS_02_Test" time="3.858" errors="0" timestamp="2023-09-24T16:06:49 IST" skipped="0">
  <testcase classname="Login.DWS_02_Test" name="registering_The_User" time="3.858"/>
  <system-out/>
</testsuite> <!-- Login.DWS_02_Test -->
