<?xml version="1.0" encoding="UTF-8"?>
<!-- Generated by org.testng.reporters.JUnitReportReporter -->
<testsuite hostname="DESKTOP-KRK230S" failures="0" tests="1" name="Login.DWS_01_Test" time="8.836" errors="0" timestamp="2023-09-24T16:12:02 IST" skipped="0">
  <testcase classname="Login.DWS_01_Test" name="Login_with_valid_credentials" time="8.836"/>
  <system-out/>
</testsuite> <!-- Login.DWS_01_Test -->
