<?xml version="1.0" encoding="UTF-8"?>
<!-- Generated by org.testng.reporters.JUnitReportReporter -->
<testsuite hostname="DESKTOP-KRK230S" failures="0" tests="1" name="objectRepository.LoginPage" time="5.275" errors="0" timestamp="2023-09-23T11:13:01 IST" skipped="0">
  <testcase classname="objectRepository.LoginPage" name="logintask" time="5.275"/>
  <system-out/>
</testsuite> <!-- objectRepository.LoginPage -->
