<?xml version="1.0" encoding="UTF-8"?>
<!-- Generated by org.testng.reporters.JUnitReportReporter -->
<testsuite hostname="DESKTOP-KRK230S" failures="0" tests="1" name="Register.DWS_01_Register" time="3.559" errors="0" timestamp="2023-09-24T16:12:15 IST" skipped="0">
  <testcase classname="Register.DWS_01_Register" name="registering_The_User" time="3.559"/>
  <system-out/>
</testsuite> <!-- Register.DWS_01_Register -->
